
**** Build of configuration Debug for project MSP430FR2311 Blinks ****

"C:\\ti\\Code Composer\\ccsv7\\utils\\bin\\gmake" -k -j 4 all -O 
'Building file: ../AlternatingBlink.c'
'Invoking: MSP430 Compiler'
"C:/ti/Code Composer/ccsv7/tools/compiler/ti-cgt-msp430_16.9.3.LTS/bin/cl430" -vmspx --use_hw_mpy=none --include_path="C:/ti/Code Composer/ccsv7/ccs_base/msp430/include" --include_path="G:/School/Senior1/Embedded/GitHub/lab-2-blinking-leds-fraserj0/MSP430FR2311/MSP430FR2311 Blinks" --include_path="C:/ti/Code Composer/ccsv7/tools/compiler/ti-cgt-msp430_16.9.3.LTS/include" --advice:power=all --advice:hw_config=all --define=__MSP430FR2311__ -g --printf_support=minimal --diag_warning=225 --diag_wrap=off --display_error_number --silicon_errata=CPU21 --silicon_errata=CPU22 --silicon_errata=CPU40 --preproc_with_compile --preproc_dependency="AlternatingBlink.d"  "../AlternatingBlink.c"
"../AlternatingBlink.c", line 27: remark #1544-D: (ULP 13.1) Detected loop counting up. Recommend loops count down as detecting zeros is easier
"../AlternatingBlink.c", line 27: remark #1527-D: (ULP 2.1) Detected SW delay loop using empty loop. Recommend using a timer module instead
'Finished building: ../AlternatingBlink.c'
' '
'Building target: MSP430FR2311 Blinks.out'
'Invoking: MSP430 Linker'
"C:/ti/Code Composer/ccsv7/tools/compiler/ti-cgt-msp430_16.9.3.LTS/bin/cl430" -vmspx --use_hw_mpy=none --advice:power=all --advice:hw_config=all --define=__MSP430FR2311__ -g --printf_support=minimal --diag_warning=225 --diag_wrap=off --display_error_number --silicon_errata=CPU21 --silicon_errata=CPU22 --silicon_errata=CPU40 -z -m"MSP430FR2311 Blinks.map" --heap_size=160 --stack_size=160 --cinit_hold_wdt=on -i"C:/ti/Code Composer/ccsv7/ccs_base/msp430/include" -i"C:/ti/Code Composer/ccsv7/tools/compiler/ti-cgt-msp430_16.9.3.LTS/lib" -i"C:/ti/Code Composer/ccsv7/tools/compiler/ti-cgt-msp430_16.9.3.LTS/include" --reread_libs --diag_wrap=off --display_error_number --warn_sections --xml_link_info="MSP430FR2311 Blinks_linkInfo.xml" --use_hw_mpy=none --rom_model -o "MSP430FR2311 Blinks.out" "./AlternatingBlink.obj" "./ButtonBlink.obj" "./MultipleBlink.obj" "./SimpleBlink.obj" "./main.obj" "../lnk_msp430fr2311.cmd"  -llibc.a 
<Linking>
remark #10371-D: (ULP 1.1) Detected no uses of low power mode state changing instructions
remark #10372-D: (ULP 4.1) Detected uninitialized Port A in this project. Recommend initializing all unused ports to eliminate wasted current consumption on unused pins.
'Finished building target: MSP430FR2311 Blinks.out'
' '

**** Build Finished ****

**** Build of configuration Debug for project MSP430FR2311 Blinks ****

"C:\\ti\\Code Composer\\ccsv7\\utils\\bin\\gmake" -k -j 4 all -O 
gmake[1]: 'MSP430FR2311 Blinks.out' is up to date.

**** Build Finished ****
